2020-02-11 01:43:23,597 CRIT Set uid to user 0
2020-02-11 01:43:23,599 INFO supervisord started with pid 1
2020-02-11 01:43:24,602 INFO spawned: 'nginx' with pid 12
2020-02-11 01:43:24,603 INFO spawned: 'uwsgi' with pid 13
2020-02-11 01:43:25,872 INFO success: nginx entered RUNNING state, process has stayed up for > than 1 seconds (startsecs)
2020-02-11 01:43:25,873 INFO success: uwsgi entered RUNNING state, process has stayed up for > than 1 seconds (startsecs)
2020-02-11 01:46:25,663 WARN received SIGTERM indicating exit request
2020-02-11 01:46:25,664 INFO waiting for nginx, uwsgi to die
2020-02-11 01:46:26,668 INFO stopped: uwsgi (exit status 0)
2020-02-11 01:46:26,679 INFO stopped: nginx (exit status 0)
2020-02-11 01:46:27,401 CRIT Set uid to user 0
2020-02-11 01:46:27,403 INFO supervisord started with pid 1
2020-02-11 01:46:28,406 INFO spawned: 'nginx' with pid 12
2020-02-11 01:46:28,408 INFO spawned: 'uwsgi' with pid 13
2020-02-11 01:46:29,644 INFO success: nginx entered RUNNING state, process has stayed up for > than 1 seconds (startsecs)
2020-02-11 01:46:29,644 INFO success: uwsgi entered RUNNING state, process has stayed up for > than 1 seconds (startsecs)
2020-02-11 01:47:23,367 WARN received SIGTERM indicating exit request
2020-02-11 01:47:23,367 INFO waiting for nginx, uwsgi to die
2020-02-11 01:47:24,372 INFO stopped: uwsgi (exit status 0)
2020-02-11 01:47:24,381 INFO stopped: nginx (exit status 0)
2020-02-11 01:47:25,083 CRIT Set uid to user 0
2020-02-11 01:47:25,085 INFO supervisord started with pid 1
2020-02-11 01:47:26,087 INFO spawned: 'nginx' with pid 12
2020-02-11 01:47:26,089 INFO spawned: 'uwsgi' with pid 13
2020-02-11 01:47:27,332 INFO success: nginx entered RUNNING state, process has stayed up for > than 1 seconds (startsecs)
2020-02-11 01:47:27,332 INFO success: uwsgi entered RUNNING state, process has stayed up for > than 1 seconds (startsecs)
2020-02-11 01:47:47,457 WARN received SIGTERM indicating exit request
2020-02-11 01:47:47,457 INFO waiting for nginx, uwsgi to die
2020-02-11 01:47:48,462 INFO stopped: uwsgi (exit status 0)
2020-02-11 01:47:48,474 INFO stopped: nginx (exit status 0)
2020-02-11 01:47:49,191 CRIT Set uid to user 0
2020-02-11 01:47:49,193 INFO supervisord started with pid 1
2020-02-11 01:47:50,195 INFO spawned: 'nginx' with pid 12
2020-02-11 01:47:50,197 INFO spawned: 'uwsgi' with pid 13
2020-02-11 01:47:51,439 INFO success: nginx entered RUNNING state, process has stayed up for > than 1 seconds (startsecs)
2020-02-11 01:47:51,439 INFO success: uwsgi entered RUNNING state, process has stayed up for > than 1 seconds (startsecs)
2020-02-11 01:58:44,407 WARN received SIGTERM indicating exit request
2020-02-11 01:58:44,408 INFO waiting for nginx, uwsgi to die
2020-02-11 01:58:45,414 INFO stopped: uwsgi (exit status 0)
2020-02-11 01:58:45,422 INFO stopped: nginx (exit status 0)
2020-02-11 01:58:46,173 CRIT Set uid to user 0
2020-02-11 01:58:46,175 INFO supervisord started with pid 1
2020-02-11 01:58:47,178 INFO spawned: 'nginx' with pid 12
2020-02-11 01:58:47,180 INFO spawned: 'uwsgi' with pid 13
2020-02-11 01:58:48,426 INFO success: nginx entered RUNNING state, process has stayed up for > than 1 seconds (startsecs)
2020-02-11 01:58:48,426 INFO success: uwsgi entered RUNNING state, process has stayed up for > than 1 seconds (startsecs)
2020-02-11 02:03:13,490 WARN received SIGTERM indicating exit request
2020-02-11 02:03:13,491 INFO waiting for nginx, uwsgi to die
2020-02-11 02:03:14,495 INFO stopped: uwsgi (exit status 0)
2020-02-11 02:03:14,507 INFO stopped: nginx (exit status 0)
2020-02-11 02:03:15,240 CRIT Set uid to user 0
2020-02-11 02:03:15,243 INFO supervisord started with pid 1
2020-02-11 02:03:16,245 INFO spawned: 'nginx' with pid 12
2020-02-11 02:03:16,247 INFO spawned: 'uwsgi' with pid 13
2020-02-11 02:03:17,490 INFO success: nginx entered RUNNING state, process has stayed up for > than 1 seconds (startsecs)
2020-02-11 02:03:17,490 INFO success: uwsgi entered RUNNING state, process has stayed up for > than 1 seconds (startsecs)
2020-02-11 02:05:35,925 WARN received SIGTERM indicating exit request
2020-02-11 02:05:35,925 INFO waiting for nginx, uwsgi to die
2020-02-11 02:05:36,930 INFO stopped: uwsgi (exit status 0)
2020-02-11 02:05:36,939 INFO stopped: nginx (exit status 0)
2020-02-11 02:05:37,680 CRIT Set uid to user 0
2020-02-11 02:05:37,682 INFO supervisord started with pid 1
2020-02-11 02:05:38,685 INFO spawned: 'nginx' with pid 12
2020-02-11 02:05:38,687 INFO spawned: 'uwsgi' with pid 13
2020-02-11 02:05:39,932 INFO success: nginx entered RUNNING state, process has stayed up for > than 1 seconds (startsecs)
2020-02-11 02:05:39,932 INFO success: uwsgi entered RUNNING state, process has stayed up for > than 1 seconds (startsecs)
2020-02-11 02:07:44,868 WARN received SIGTERM indicating exit request
2020-02-11 02:07:44,868 INFO waiting for nginx, uwsgi to die
2020-02-11 02:07:45,873 INFO stopped: uwsgi (exit status 0)
2020-02-11 02:07:45,885 INFO stopped: nginx (exit status 0)
2020-02-11 02:07:46,604 CRIT Set uid to user 0
2020-02-11 02:07:46,607 INFO supervisord started with pid 1
2020-02-11 02:07:47,610 INFO spawned: 'nginx' with pid 12
2020-02-11 02:07:47,612 INFO spawned: 'uwsgi' with pid 13
2020-02-11 02:07:48,856 INFO success: nginx entered RUNNING state, process has stayed up for > than 1 seconds (startsecs)
2020-02-11 02:07:48,856 INFO success: uwsgi entered RUNNING state, process has stayed up for > than 1 seconds (startsecs)
2020-02-11 02:08:28,259 WARN received SIGTERM indicating exit request
2020-02-11 02:08:28,259 INFO waiting for nginx, uwsgi to die
2020-02-11 02:08:29,263 INFO stopped: uwsgi (exit status 0)
2020-02-11 02:08:29,272 INFO stopped: nginx (exit status 0)
2020-02-11 02:08:29,993 CRIT Set uid to user 0
2020-02-11 02:08:29,996 INFO supervisord started with pid 1
2020-02-11 02:08:30,998 INFO spawned: 'nginx' with pid 12
2020-02-11 02:08:31,000 INFO spawned: 'uwsgi' with pid 13
2020-02-11 02:08:32,005 INFO success: nginx entered RUNNING state, process has stayed up for > than 1 seconds (startsecs)
2020-02-11 02:08:32,005 INFO success: uwsgi entered RUNNING state, process has stayed up for > than 1 seconds (startsecs)
2020-02-11 02:10:15,014 WARN received SIGTERM indicating exit request
2020-02-11 02:10:15,015 INFO waiting for nginx, uwsgi to die
2020-02-11 02:10:16,019 INFO stopped: uwsgi (exit status 0)
2020-02-11 02:10:16,029 INFO stopped: nginx (exit status 0)
2020-02-11 02:10:16,747 CRIT Set uid to user 0
2020-02-11 02:10:16,749 INFO supervisord started with pid 1
2020-02-11 02:10:17,751 INFO spawned: 'nginx' with pid 12
2020-02-11 02:10:17,754 INFO spawned: 'uwsgi' with pid 13
2020-02-11 02:10:18,996 INFO success: nginx entered RUNNING state, process has stayed up for > than 1 seconds (startsecs)
2020-02-11 02:10:18,996 INFO success: uwsgi entered RUNNING state, process has stayed up for > than 1 seconds (startsecs)
2020-02-11 02:13:02,080 WARN received SIGTERM indicating exit request
2020-02-11 02:13:02,081 INFO waiting for nginx, uwsgi to die
2020-02-11 02:13:03,086 INFO stopped: uwsgi (exit status 0)
2020-02-11 02:13:03,098 INFO stopped: nginx (exit status 0)
2020-02-11 02:13:03,813 CRIT Set uid to user 0
2020-02-11 02:13:03,815 INFO supervisord started with pid 1
2020-02-11 02:13:04,817 INFO spawned: 'nginx' with pid 12
2020-02-11 02:13:04,819 INFO spawned: 'uwsgi' with pid 13
2020-02-11 02:13:06,067 INFO success: nginx entered RUNNING state, process has stayed up for > than 1 seconds (startsecs)
2020-02-11 02:13:06,067 INFO success: uwsgi entered RUNNING state, process has stayed up for > than 1 seconds (startsecs)
2020-02-11 02:24:58,798 WARN received SIGTERM indicating exit request
2020-02-11 02:24:58,799 INFO waiting for nginx, uwsgi to die
2020-02-11 02:24:59,804 INFO stopped: uwsgi (exit status 0)
2020-02-11 02:24:59,813 INFO stopped: nginx (exit status 0)
2020-02-11 02:25:00,575 CRIT Set uid to user 0
2020-02-11 02:25:00,577 INFO supervisord started with pid 1
2020-02-11 02:25:01,580 INFO spawned: 'nginx' with pid 12
2020-02-11 02:25:01,582 INFO spawned: 'uwsgi' with pid 13
2020-02-11 02:25:02,836 INFO success: nginx entered RUNNING state, process has stayed up for > than 1 seconds (startsecs)
2020-02-11 02:25:02,836 INFO success: uwsgi entered RUNNING state, process has stayed up for > than 1 seconds (startsecs)
2020-02-11 02:25:24,912 WARN received SIGTERM indicating exit request
2020-02-11 02:25:24,913 INFO waiting for nginx, uwsgi to die
2020-02-11 02:25:25,918 INFO stopped: uwsgi (exit status 0)
2020-02-11 02:25:25,929 INFO stopped: nginx (exit status 0)
2020-02-11 02:25:26,645 CRIT Set uid to user 0
2020-02-11 02:25:26,647 INFO supervisord started with pid 1
2020-02-11 02:25:27,649 INFO spawned: 'nginx' with pid 12
2020-02-11 02:25:27,651 INFO spawned: 'uwsgi' with pid 13
2020-02-11 02:25:28,894 INFO success: nginx entered RUNNING state, process has stayed up for > than 1 seconds (startsecs)
2020-02-11 02:25:28,894 INFO success: uwsgi entered RUNNING state, process has stayed up for > than 1 seconds (startsecs)
2020-02-11 02:26:58,882 WARN received SIGTERM indicating exit request
2020-02-11 02:26:58,883 INFO waiting for nginx, uwsgi to die
2020-02-11 02:26:59,888 INFO stopped: uwsgi (exit status 0)
2020-02-11 02:26:59,896 INFO stopped: nginx (exit status 0)
2020-02-11 02:27:00,604 CRIT Set uid to user 0
2020-02-11 02:27:00,606 INFO supervisord started with pid 1
2020-02-11 02:27:01,609 INFO spawned: 'nginx' with pid 12
2020-02-11 02:27:01,611 INFO spawned: 'uwsgi' with pid 13
2020-02-11 02:27:02,858 INFO success: nginx entered RUNNING state, process has stayed up for > than 1 seconds (startsecs)
2020-02-11 02:27:02,858 INFO success: uwsgi entered RUNNING state, process has stayed up for > than 1 seconds (startsecs)
2020-02-11 02:34:42,351 WARN received SIGTERM indicating exit request
2020-02-11 02:34:42,352 INFO waiting for nginx, uwsgi to die
2020-02-11 02:34:43,357 INFO stopped: uwsgi (exit status 0)
2020-02-11 02:34:43,365 INFO stopped: nginx (exit status 0)
2020-02-11 02:34:44,088 CRIT Set uid to user 0
2020-02-11 02:34:44,090 INFO supervisord started with pid 1
2020-02-11 02:34:45,092 INFO spawned: 'nginx' with pid 12
2020-02-11 02:34:45,094 INFO spawned: 'uwsgi' with pid 13
2020-02-11 02:34:46,336 INFO success: nginx entered RUNNING state, process has stayed up for > than 1 seconds (startsecs)
2020-02-11 02:34:46,336 INFO success: uwsgi entered RUNNING state, process has stayed up for > than 1 seconds (startsecs)
2020-02-11 02:36:31,300 WARN received SIGTERM indicating exit request
2020-02-11 02:36:31,300 INFO waiting for nginx, uwsgi to die
2020-02-11 02:36:32,305 INFO stopped: uwsgi (exit status 0)
2020-02-11 02:36:32,314 INFO stopped: nginx (exit status 0)
2020-02-11 02:36:33,043 CRIT Set uid to user 0
2020-02-11 02:36:33,045 INFO supervisord started with pid 1
2020-02-11 02:36:34,047 INFO spawned: 'nginx' with pid 12
2020-02-11 02:36:34,049 INFO spawned: 'uwsgi' with pid 13
2020-02-11 02:36:35,298 INFO success: nginx entered RUNNING state, process has stayed up for > than 1 seconds (startsecs)
2020-02-11 02:36:35,298 INFO success: uwsgi entered RUNNING state, process has stayed up for > than 1 seconds (startsecs)
2020-02-11 02:40:55,618 WARN received SIGTERM indicating exit request
2020-02-11 02:40:55,618 INFO waiting for nginx, uwsgi to die
2020-02-11 02:40:56,623 INFO stopped: uwsgi (exit status 0)
2020-02-11 02:40:56,629 INFO stopped: nginx (exit status 0)
2020-02-11 02:40:57,350 CRIT Set uid to user 0
2020-02-11 02:40:57,352 INFO supervisord started with pid 1
2020-02-11 02:40:58,355 INFO spawned: 'nginx' with pid 12
2020-02-11 02:40:58,357 INFO spawned: 'uwsgi' with pid 13
2020-02-11 02:40:59,601 INFO success: nginx entered RUNNING state, process has stayed up for > than 1 seconds (startsecs)
2020-02-11 02:40:59,601 INFO success: uwsgi entered RUNNING state, process has stayed up for > than 1 seconds (startsecs)
2020-02-11 02:43:06,906 WARN received SIGTERM indicating exit request
2020-02-11 02:43:06,906 INFO waiting for nginx, uwsgi to die
2020-02-11 02:43:07,911 INFO stopped: uwsgi (exit status 0)
2020-02-11 02:43:07,925 INFO stopped: nginx (exit status 0)
2020-02-11 02:43:08,648 CRIT Set uid to user 0
2020-02-11 02:43:08,650 INFO supervisord started with pid 1
2020-02-11 02:43:09,652 INFO spawned: 'nginx' with pid 12
2020-02-11 02:43:09,654 INFO spawned: 'uwsgi' with pid 13
2020-02-11 02:43:10,898 INFO success: nginx entered RUNNING state, process has stayed up for > than 1 seconds (startsecs)
2020-02-11 02:43:10,898 INFO success: uwsgi entered RUNNING state, process has stayed up for > than 1 seconds (startsecs)
2020-02-11 02:44:14,101 WARN received SIGTERM indicating exit request
2020-02-11 02:44:14,102 INFO waiting for nginx, uwsgi to die
2020-02-11 02:44:15,107 INFO stopped: uwsgi (exit status 0)
2020-02-11 02:44:15,116 INFO stopped: nginx (exit status 0)
2020-02-11 02:44:15,837 CRIT Set uid to user 0
2020-02-11 02:44:15,839 INFO supervisord started with pid 1
2020-02-11 02:44:16,841 INFO spawned: 'nginx' with pid 12
2020-02-11 02:44:16,843 INFO spawned: 'uwsgi' with pid 13
2020-02-11 02:44:18,823 INFO success: nginx entered RUNNING state, process has stayed up for > than 1 seconds (startsecs)
2020-02-11 02:44:18,823 INFO success: uwsgi entered RUNNING state, process has stayed up for > than 1 seconds (startsecs)
2020-02-11 02:44:37,730 WARN received SIGTERM indicating exit request
2020-02-11 02:44:37,730 INFO waiting for nginx, uwsgi to die
2020-02-11 02:44:38,735 INFO stopped: uwsgi (exit status 0)
2020-02-11 02:44:38,744 INFO stopped: nginx (exit status 0)
2020-02-11 02:44:39,463 CRIT Set uid to user 0
2020-02-11 02:44:39,465 INFO supervisord started with pid 1
2020-02-11 02:44:40,468 INFO spawned: 'nginx' with pid 12
2020-02-11 02:44:40,470 INFO spawned: 'uwsgi' with pid 13
2020-02-11 02:44:41,485 INFO success: nginx entered RUNNING state, process has stayed up for > than 1 seconds (startsecs)
2020-02-11 02:44:41,485 INFO success: uwsgi entered RUNNING state, process has stayed up for > than 1 seconds (startsecs)
2020-02-11 03:05:42,815 WARN received SIGTERM indicating exit request
2020-02-11 03:05:42,815 INFO waiting for nginx, uwsgi to die
2020-02-11 03:05:43,820 INFO stopped: uwsgi (exit status 0)
2020-02-11 03:05:43,831 INFO stopped: nginx (exit status 0)
2020-02-11 03:05:44,592 CRIT Set uid to user 0
2020-02-11 03:05:44,594 INFO supervisord started with pid 1
2020-02-11 03:05:45,597 INFO spawned: 'nginx' with pid 12
2020-02-11 03:05:45,599 INFO spawned: 'uwsgi' with pid 13
2020-02-11 03:05:46,847 INFO success: nginx entered RUNNING state, process has stayed up for > than 1 seconds (startsecs)
2020-02-11 03:05:46,847 INFO success: uwsgi entered RUNNING state, process has stayed up for > than 1 seconds (startsecs)
2020-02-11 03:18:00,232 WARN received SIGTERM indicating exit request
2020-02-11 03:18:00,233 INFO waiting for nginx, uwsgi to die
2020-02-11 03:18:01,238 INFO stopped: uwsgi (exit status 0)
2020-02-11 03:18:01,245 INFO stopped: nginx (exit status 0)
2020-02-11 03:18:01,974 CRIT Set uid to user 0
2020-02-11 03:18:01,976 INFO supervisord started with pid 1
2020-02-11 03:18:02,979 INFO spawned: 'nginx' with pid 12
2020-02-11 03:18:02,980 INFO spawned: 'uwsgi' with pid 13
2020-02-11 03:18:04,231 INFO success: nginx entered RUNNING state, process has stayed up for > than 1 seconds (startsecs)
2020-02-11 03:18:04,232 INFO success: uwsgi entered RUNNING state, process has stayed up for > than 1 seconds (startsecs)
2020-02-11 03:18:39,141 WARN received SIGTERM indicating exit request
2020-02-11 03:18:39,142 INFO waiting for nginx, uwsgi to die
2020-02-11 03:18:40,147 INFO stopped: uwsgi (exit status 0)
2020-02-11 03:18:40,159 INFO stopped: nginx (exit status 0)
2020-02-11 03:18:40,876 CRIT Set uid to user 0
2020-02-11 03:18:40,878 INFO supervisord started with pid 1
2020-02-11 03:18:41,880 INFO spawned: 'nginx' with pid 12
2020-02-11 03:18:41,882 INFO spawned: 'uwsgi' with pid 13
2020-02-11 03:18:43,712 INFO success: nginx entered RUNNING state, process has stayed up for > than 1 seconds (startsecs)
2020-02-11 03:18:43,712 INFO success: uwsgi entered RUNNING state, process has stayed up for > than 1 seconds (startsecs)
2020-02-11 03:19:22,011 WARN received SIGTERM indicating exit request
2020-02-11 03:19:22,011 INFO waiting for nginx, uwsgi to die
2020-02-11 03:19:23,017 INFO stopped: uwsgi (exit status 0)
2020-02-11 03:19:23,025 INFO stopped: nginx (exit status 0)
2020-02-11 03:19:23,738 CRIT Set uid to user 0
2020-02-11 03:19:23,740 INFO supervisord started with pid 1
2020-02-11 03:19:24,742 INFO spawned: 'nginx' with pid 12
2020-02-11 03:19:24,744 INFO spawned: 'uwsgi' with pid 13
2020-02-11 03:19:26,022 INFO success: nginx entered RUNNING state, process has stayed up for > than 1 seconds (startsecs)
2020-02-11 03:19:26,022 INFO success: uwsgi entered RUNNING state, process has stayed up for > than 1 seconds (startsecs)
2020-02-11 03:24:09,350 WARN received SIGTERM indicating exit request
2020-02-11 03:24:09,351 INFO waiting for nginx, uwsgi to die
2020-02-11 03:24:10,356 INFO stopped: uwsgi (exit status 0)
2020-02-11 03:24:10,363 INFO stopped: nginx (exit status 0)
2020-02-11 03:24:11,102 CRIT Set uid to user 0
2020-02-11 03:24:11,104 INFO supervisord started with pid 1
2020-02-11 03:24:12,107 INFO spawned: 'nginx' with pid 12
2020-02-11 03:24:12,109 INFO spawned: 'uwsgi' with pid 13
2020-02-11 03:24:13,352 INFO success: nginx entered RUNNING state, process has stayed up for > than 1 seconds (startsecs)
2020-02-11 03:24:13,353 INFO success: uwsgi entered RUNNING state, process has stayed up for > than 1 seconds (startsecs)
2020-02-11 03:29:05,983 WARN received SIGTERM indicating exit request
2020-02-11 03:29:05,983 INFO waiting for nginx, uwsgi to die
2020-02-11 03:29:06,988 INFO stopped: uwsgi (exit status 0)
2020-02-11 03:29:06,994 INFO stopped: nginx (exit status 0)
2020-02-11 03:29:07,739 CRIT Set uid to user 0
2020-02-11 03:29:07,741 INFO supervisord started with pid 1
2020-02-11 03:29:08,743 INFO spawned: 'nginx' with pid 12
2020-02-11 03:29:08,745 INFO spawned: 'uwsgi' with pid 13
2020-02-11 03:29:09,988 INFO success: nginx entered RUNNING state, process has stayed up for > than 1 seconds (startsecs)
2020-02-11 03:29:09,988 INFO success: uwsgi entered RUNNING state, process has stayed up for > than 1 seconds (startsecs)
2020-02-11 03:30:53,268 WARN received SIGTERM indicating exit request
2020-02-11 03:30:53,269 INFO waiting for nginx, uwsgi to die
2020-02-11 03:30:54,274 INFO stopped: uwsgi (exit status 0)
2020-02-11 03:30:54,283 INFO stopped: nginx (exit status 0)
2020-02-11 03:30:55,009 CRIT Set uid to user 0
2020-02-11 03:30:55,011 INFO supervisord started with pid 1
2020-02-11 03:30:56,012 INFO spawned: 'nginx' with pid 12
2020-02-11 03:30:56,014 INFO spawned: 'uwsgi' with pid 13
2020-02-11 03:30:57,256 INFO success: nginx entered RUNNING state, process has stayed up for > than 1 seconds (startsecs)
2020-02-11 03:30:57,256 INFO success: uwsgi entered RUNNING state, process has stayed up for > than 1 seconds (startsecs)
2020-02-11 03:31:41,898 WARN received SIGTERM indicating exit request
2020-02-11 03:31:41,898 INFO waiting for nginx, uwsgi to die
2020-02-11 03:31:42,903 INFO stopped: uwsgi (exit status 0)
2020-02-11 03:31:42,913 INFO stopped: nginx (exit status 0)
2020-02-11 03:31:43,631 CRIT Set uid to user 0
2020-02-11 03:31:43,633 INFO supervisord started with pid 1
2020-02-11 03:31:44,636 INFO spawned: 'nginx' with pid 12
2020-02-11 03:31:44,638 INFO spawned: 'uwsgi' with pid 13
2020-02-11 03:31:45,880 INFO success: nginx entered RUNNING state, process has stayed up for > than 1 seconds (startsecs)
2020-02-11 03:31:45,880 INFO success: uwsgi entered RUNNING state, process has stayed up for > than 1 seconds (startsecs)
2020-02-11 03:36:35,255 WARN received SIGTERM indicating exit request
2020-02-11 03:36:35,256 INFO waiting for nginx, uwsgi to die
2020-02-11 03:36:36,262 INFO stopped: uwsgi (exit status 0)
2020-02-11 03:36:36,270 INFO stopped: nginx (exit status 0)
2020-02-11 03:36:36,992 CRIT Set uid to user 0
2020-02-11 03:36:36,994 INFO supervisord started with pid 1
2020-02-11 03:36:37,997 INFO spawned: 'nginx' with pid 12
2020-02-11 03:36:37,999 INFO spawned: 'uwsgi' with pid 13
2020-02-11 03:36:39,240 INFO success: nginx entered RUNNING state, process has stayed up for > than 1 seconds (startsecs)
2020-02-11 03:36:39,240 INFO success: uwsgi entered RUNNING state, process has stayed up for > than 1 seconds (startsecs)
2020-02-11 03:36:41,394 WARN received SIGTERM indicating exit request
2020-02-11 03:36:41,394 INFO waiting for nginx, uwsgi to die
2020-02-11 03:36:42,400 INFO stopped: uwsgi (exit status 0)
2020-02-11 03:36:42,408 INFO stopped: nginx (exit status 0)
2020-02-11 03:36:43,132 CRIT Set uid to user 0
2020-02-11 03:36:43,134 INFO supervisord started with pid 1
2020-02-11 03:36:44,135 INFO spawned: 'nginx' with pid 12
2020-02-11 03:36:44,137 INFO spawned: 'uwsgi' with pid 13
2020-02-11 03:36:45,380 INFO success: nginx entered RUNNING state, process has stayed up for > than 1 seconds (startsecs)
2020-02-11 03:36:45,380 INFO success: uwsgi entered RUNNING state, process has stayed up for > than 1 seconds (startsecs)
2020-02-11 03:58:13,199 WARN received SIGTERM indicating exit request
2020-02-11 03:58:13,200 INFO waiting for nginx, uwsgi to die
2020-02-11 03:58:14,205 INFO stopped: uwsgi (exit status 0)
2020-02-11 03:58:14,216 INFO stopped: nginx (exit status 0)
2020-02-11 03:58:14,962 CRIT Set uid to user 0
2020-02-11 03:58:14,964 INFO supervisord started with pid 1
2020-02-11 03:58:15,967 INFO spawned: 'nginx' with pid 12
2020-02-11 03:58:15,969 INFO spawned: 'uwsgi' with pid 13
2020-02-11 03:58:17,218 INFO success: nginx entered RUNNING state, process has stayed up for > than 1 seconds (startsecs)
2020-02-11 03:58:17,218 INFO success: uwsgi entered RUNNING state, process has stayed up for > than 1 seconds (startsecs)
2020-02-11 03:59:24,741 WARN received SIGTERM indicating exit request
2020-02-11 03:59:24,742 INFO waiting for nginx, uwsgi to die
2020-02-11 03:59:25,747 INFO stopped: uwsgi (exit status 0)
2020-02-11 03:59:25,757 INFO stopped: nginx (exit status 0)
2020-02-11 03:59:26,489 CRIT Set uid to user 0
2020-02-11 03:59:26,491 INFO supervisord started with pid 1
2020-02-11 03:59:27,494 INFO spawned: 'nginx' with pid 12
2020-02-11 03:59:27,495 INFO spawned: 'uwsgi' with pid 13
2020-02-11 03:59:28,738 INFO success: nginx entered RUNNING state, process has stayed up for > than 1 seconds (startsecs)
2020-02-11 03:59:28,738 INFO success: uwsgi entered RUNNING state, process has stayed up for > than 1 seconds (startsecs)
2020-02-11 04:05:39,416 WARN received SIGTERM indicating exit request
2020-02-11 04:05:39,417 INFO waiting for nginx, uwsgi to die
2020-02-11 04:05:40,423 INFO stopped: uwsgi (exit status 0)
2020-02-11 04:05:40,431 INFO stopped: nginx (exit status 0)
2020-02-11 04:05:41,147 CRIT Set uid to user 0
2020-02-11 04:05:41,149 INFO supervisord started with pid 1
2020-02-11 04:05:42,152 INFO spawned: 'nginx' with pid 12
2020-02-11 04:05:42,153 INFO spawned: 'uwsgi' with pid 13
2020-02-11 04:05:43,399 INFO success: nginx entered RUNNING state, process has stayed up for > than 1 seconds (startsecs)
2020-02-11 04:05:43,399 INFO success: uwsgi entered RUNNING state, process has stayed up for > than 1 seconds (startsecs)
2020-02-11 04:08:40,554 WARN received SIGTERM indicating exit request
2020-02-11 04:08:40,556 INFO waiting for nginx, uwsgi to die
2020-02-11 04:08:41,560 INFO stopped: uwsgi (exit status 0)
2020-02-11 04:08:41,571 INFO stopped: nginx (exit status 0)
2020-02-11 04:08:42,304 CRIT Set uid to user 0
2020-02-11 04:08:42,306 INFO supervisord started with pid 1
2020-02-11 04:08:43,309 INFO spawned: 'nginx' with pid 12
2020-02-11 04:08:43,311 INFO spawned: 'uwsgi' with pid 13
2020-02-11 04:08:44,561 INFO success: nginx entered RUNNING state, process has stayed up for > than 1 seconds (startsecs)
2020-02-11 04:08:44,562 INFO success: uwsgi entered RUNNING state, process has stayed up for > than 1 seconds (startsecs)
2020-02-11 04:11:43,844 WARN received SIGTERM indicating exit request
2020-02-11 04:11:43,845 INFO waiting for nginx, uwsgi to die
2020-02-11 04:11:44,851 INFO stopped: uwsgi (exit status 0)
2020-02-11 04:11:44,859 INFO stopped: nginx (exit status 0)
2020-02-11 04:11:45,599 CRIT Set uid to user 0
2020-02-11 04:11:45,602 INFO supervisord started with pid 1
2020-02-11 04:11:46,605 INFO spawned: 'nginx' with pid 12
2020-02-11 04:11:46,607 INFO spawned: 'uwsgi' with pid 13
2020-02-11 04:11:47,856 INFO success: nginx entered RUNNING state, process has stayed up for > than 1 seconds (startsecs)
2020-02-11 04:11:47,856 INFO success: uwsgi entered RUNNING state, process has stayed up for > than 1 seconds (startsecs)
2020-02-11 04:13:59,421 WARN received SIGTERM indicating exit request
2020-02-11 04:13:59,422 INFO waiting for nginx, uwsgi to die
2020-02-11 04:14:00,427 INFO stopped: uwsgi (exit status 0)
2020-02-11 04:14:00,437 INFO stopped: nginx (exit status 0)
2020-02-11 04:14:01,160 CRIT Set uid to user 0
2020-02-11 04:14:01,163 INFO supervisord started with pid 1
2020-02-11 04:14:02,165 INFO spawned: 'nginx' with pid 12
2020-02-11 04:14:02,167 INFO spawned: 'uwsgi' with pid 13
2020-02-11 04:14:03,409 INFO success: nginx entered RUNNING state, process has stayed up for > than 1 seconds (startsecs)
2020-02-11 04:14:03,409 INFO success: uwsgi entered RUNNING state, process has stayed up for > than 1 seconds (startsecs)
2020-02-11 04:16:21,855 WARN received SIGTERM indicating exit request
2020-02-11 04:16:21,855 INFO waiting for nginx, uwsgi to die
2020-02-11 04:16:22,859 INFO stopped: uwsgi (exit status 0)
2020-02-11 04:16:22,870 INFO stopped: nginx (exit status 0)
2020-02-11 04:16:23,602 CRIT Set uid to user 0
2020-02-11 04:16:23,604 INFO supervisord started with pid 1
2020-02-11 04:16:24,607 INFO spawned: 'nginx' with pid 12
2020-02-11 04:16:24,609 INFO spawned: 'uwsgi' with pid 13
2020-02-11 04:16:25,850 INFO success: nginx entered RUNNING state, process has stayed up for > than 1 seconds (startsecs)
2020-02-11 04:16:25,850 INFO success: uwsgi entered RUNNING state, process has stayed up for > than 1 seconds (startsecs)
2020-02-11 04:17:21,041 WARN received SIGTERM indicating exit request
2020-02-11 04:17:21,042 INFO waiting for nginx, uwsgi to die
2020-02-11 04:17:22,047 INFO stopped: uwsgi (exit status 0)
2020-02-11 04:17:22,057 INFO stopped: nginx (exit status 0)
2020-02-11 04:17:22,794 CRIT Set uid to user 0
2020-02-11 04:17:22,796 INFO supervisord started with pid 1
2020-02-11 04:17:23,799 INFO spawned: 'nginx' with pid 12
2020-02-11 04:17:23,801 INFO spawned: 'uwsgi' with pid 13
2020-02-11 04:17:25,047 INFO success: nginx entered RUNNING state, process has stayed up for > than 1 seconds (startsecs)
2020-02-11 04:17:25,047 INFO success: uwsgi entered RUNNING state, process has stayed up for > than 1 seconds (startsecs)
2020-02-11 04:26:47,427 WARN received SIGTERM indicating exit request
2020-02-11 04:26:47,428 INFO waiting for nginx, uwsgi to die
2020-02-11 04:26:48,433 INFO stopped: uwsgi (exit status 0)
2020-02-11 04:26:48,441 INFO stopped: nginx (exit status 0)
2020-02-11 04:26:49,168 CRIT Set uid to user 0
2020-02-11 04:26:49,170 INFO supervisord started with pid 1
2020-02-11 04:26:50,174 INFO spawned: 'nginx' with pid 12
2020-02-11 04:26:50,176 INFO spawned: 'uwsgi' with pid 13
2020-02-11 04:26:51,426 INFO success: nginx entered RUNNING state, process has stayed up for > than 1 seconds (startsecs)
2020-02-11 04:26:51,426 INFO success: uwsgi entered RUNNING state, process has stayed up for > than 1 seconds (startsecs)
2020-02-11 13:22:14,136 WARN received SIGTERM indicating exit request
2020-02-11 13:22:14,137 INFO waiting for nginx, uwsgi to die
2020-02-11 13:22:15,143 INFO stopped: uwsgi (exit status 0)
2020-02-11 13:22:15,151 INFO stopped: nginx (exit status 0)
2020-02-11 13:22:15,907 CRIT Set uid to user 0
2020-02-11 13:22:15,909 INFO supervisord started with pid 1
2020-02-11 13:22:16,912 INFO spawned: 'nginx' with pid 12
2020-02-11 13:22:16,914 INFO spawned: 'uwsgi' with pid 13
2020-02-11 13:22:18,159 INFO success: nginx entered RUNNING state, process has stayed up for > than 1 seconds (startsecs)
2020-02-11 13:22:18,159 INFO success: uwsgi entered RUNNING state, process has stayed up for > than 1 seconds (startsecs)
